<?xml version="1.0" encoding="UTF-8"?>
<!-- Generated by org.testng.reporters.JUnitReportReporter -->
<testsuite skipped="0" hostname="LAPTOP-FHVIN2VS" name="com.qa.hubspot.tests.LoginPageTest" tests="6" failures="0" timestamp="24 Jul 2020 20:44:03 GMT" time="17.355" errors="0">
  <testcase name="verifySignUpLinkTest" time="5.704" classname="com.qa.hubspot.tests.LoginPageTest"/>
  <testcase name="verifySignUpLinkTest" time="6.632" classname="com.qa.hubspot.tests.LoginPageTest"/>
  <testcase name="verifyLoginPageTitleTest" time="0.346" classname="com.qa.hubspot.tests.LoginPageTest"/>
  <testcase name="verifyLoginPageTitleTest" time="0.022" classname="com.qa.hubspot.tests.LoginPageTest"/>
  <testcase name="loginTest" time="2.411" classname="com.qa.hubspot.tests.LoginPageTest"/>
  <testcase name="loginTest" time="2.240" classname="com.qa.hubspot.tests.LoginPageTest"/>
</testsuite> <!-- com.qa.hubspot.tests.LoginPageTest -->
