<?xml version="1.0" encoding="UTF-8"?>
<!-- Generated by org.testng.reporters.JUnitReportReporter -->
<testsuite skipped="0" hostname="LAPTOP-FHVIN2VS" name="com.qa.hubspot.tests.LoginPageTest" tests="3" failures="0" timestamp="16 Jul 2020 14:36:17 GMT" time="5.951" errors="0">
  <testcase name="verifySignUpLinkTest" time="4.785" classname="com.qa.hubspot.tests.LoginPageTest"/>
  <testcase name="verifyLoginPageTitleTest" time="0.067" classname="com.qa.hubspot.tests.LoginPageTest"/>
  <testcase name="loginTest" time="1.099" classname="com.qa.hubspot.tests.LoginPageTest"/>
</testsuite> <!-- com.qa.hubspot.tests.LoginPageTest -->
