<?xml version="1.0" encoding="UTF-8"?>
<!-- Generated by org.testng.reporters.JUnitReportReporter -->
<testsuite skipped="0" hostname="LAPTOP-FHVIN2VS" name="com.qa.hubspot.tests.HomePageTest" tests="3" failures="0" timestamp="16 Jul 2020 14:36:17 GMT" time="4.052" errors="0">
  <testcase name="verifyHomePageHeaderTest" time="3.303" classname="com.qa.hubspot.tests.HomePageTest"/>
  <testcase name="verifyHomePageTitleTest" time="0.419" classname="com.qa.hubspot.tests.HomePageTest"/>
  <testcase name="verifyLoggedInAccountNameTest" time="0.330" classname="com.qa.hubspot.tests.HomePageTest"/>
</testsuite> <!-- com.qa.hubspot.tests.HomePageTest -->
