<?xml version="1.0" encoding="UTF-8"?>
<!-- Generated by org.testng.reporters.JUnitReportReporter -->
<testsuite skipped="0" hostname="LAPTOP-FHVIN2VS" name="com.qa.hubspot.tests.LoginPageTest" tests="1" failures="0" timestamp="16 Jul 2020 16:12:07 GMT" time="4.857" errors="0">
  <testcase name="verifySignUpLinkTest" time="4.857" classname="com.qa.hubspot.tests.LoginPageTest"/>
</testsuite> <!-- com.qa.hubspot.tests.LoginPageTest -->
