<?xml version="1.0" encoding="UTF-8"?>
<!-- Generated by org.testng.reporters.JUnitReportReporter -->
<testsuite skipped="0" hostname="LAPTOP-FHVIN2VS" name="com.qa.hubspot.tests.LoginPageTest" tests="6" failures="0" timestamp="24 Jul 2020 20:51:36 GMT" time="16.628" errors="0">
  <testcase name="verifySignUpLinkTest" time="7.704" classname="com.qa.hubspot.tests.LoginPageTest"/>
  <testcase name="verifySignUpLinkTest" time="5.428" classname="com.qa.hubspot.tests.LoginPageTest"/>
  <testcase name="verifyLoginPageTitleTest" time="0.037" classname="com.qa.hubspot.tests.LoginPageTest"/>
  <testcase name="verifyLoginPageTitleTest" time="0.128" classname="com.qa.hubspot.tests.LoginPageTest"/>
  <testcase name="loginTest" time="1.843" classname="com.qa.hubspot.tests.LoginPageTest"/>
  <testcase name="loginTest" time="1.488" classname="com.qa.hubspot.tests.LoginPageTest"/>
</testsuite> <!-- com.qa.hubspot.tests.LoginPageTest -->
